<?xml version="1.0" encoding="UTF-8"?>
<!-- Generated by org.testng.reporters.JUnitReportReporter -->
<testsuite hostname="aghose-G8WN" failures="0" tests="1" name="testrunner.TestRunner" time="3.573" errors="0" timestamp="29 Jan 2021 19:34:47 GMT" skipped="0">
  <testcase classname="testrunner.TestRunner" name="feature" time="3.573"/>
</testsuite> <!-- testrunner.TestRunner -->
